  NY_Model.cpp
  NY_Object3D.cpp
C:\K020G1198\Team\GameAward_clone_02\RakiEngine_Library\NY_Object3D.cpp(395,72): warning C4267: '引数': 'size_t' から 'UINT' に変換しました。データが失われているかもしれません。
  NY_Object3DMgr.cpp
  ParticleManager.cpp
  Sprite.cpp
C:\K020G1198\Team\GameAward_clone_02\RakiEngine_Library\SpriteManager.h(29,2): warning C4091: 'typedef ': 変数が何も宣言されていないときは、'SpriteInstance' の左辺を無視します。
C:\K020G1198\Team\GameAward_clone_02\RakiEngine_Library\SpriteManager.h(96,47): warning C4244: '=': 'int' から 'float' への変換です。データが失われる可能性があります。
C:\K020G1198\Team\GameAward_clone_02\RakiEngine_Library\SpriteManager.h(97,49): warning C4244: '=': 'int' から 'float' への変換です。データが失われる可能性があります。
C:\K020G1198\Team\GameAward_clone_02\RakiEngine_Library\SpriteManager.h(98,47): warning C4244: '=': 'int' から 'float' への変換です。データが失われる可能性があります。
C:\K020G1198\Team\GameAward_clone_02\RakiEngine_Library\SpriteManager.h(99,48): warning C4244: '=': 'int' から 'float' への変換です。データが失われる可能性があります。
C:\K020G1198\Team\GameAward_clone_02\RakiEngine_Library\Sprite.cpp(139,99): warning C4244: '引数': 'int' から 'float' への変換です。データが失われる可能性があります。
C:\K020G1198\Team\GameAward_clone_02\RakiEngine_Library\Sprite.cpp(139,72): warning C4244: '引数': 'int' から 'float' への変換です。データが失われる可能性があります。
C:\K020G1198\Team\GameAward_clone_02\RakiEngine_Library\Sprite.cpp(263,99): warning C4244: '引数': 'int' から 'float' への変換です。データが失われる可能性があります。
C:\K020G1198\Team\GameAward_clone_02\RakiEngine_Library\Sprite.cpp(263,72): warning C4244: '引数': 'int' から 'float' への変換です。データが失われる可能性があります。
C:\K020G1198\Team\GameAward_clone_02\RakiEngine_Library\Sprite.cpp(267,74): warning C4244: '=': 'size_t' から 'float' への変換です。データが失われる可能性があります。
C:\K020G1198\Team\GameAward_clone_02\RakiEngine_Library\Sprite.cpp(268,74): warning C4244: '=': 'size_t' から 'float' への変換です。データが失われる可能性があります。
C:\K020G1198\Team\GameAward_clone_02\RakiEngine_Library\Sprite.cpp(334,89): warning C4267: '=': 'size_t' から 'UINT' に変換しました。データが失われているかもしれません。
C:\K020G1198\Team\GameAward_clone_02\RakiEngine_Library\Sprite.cpp(339,91): warning C4267: '引数': 'size_t' から 'UINT' に変換しました。データが失われているかもしれません。
C:\K020G1198\Team\GameAward_clone_02\RakiEngine_Library\Sprite.cpp(346,146): warning C4244: '引数': 'int' から 'float' への変換です。データが失われる可能性があります。
C:\K020G1198\Team\GameAward_clone_02\RakiEngine_Library\Sprite.cpp(346,119): warning C4244: '引数': 'int' から 'float' への変換です。データが失われる可能性があります。
  SpriteManager.cpp
C:\K020G1198\Team\GameAward_clone_02\RakiEngine_Library\SpriteManager.h(29,2): warning C4091: 'typedef ': 変数が何も宣言されていないときは、'SpriteInstance' の左辺を無視します。
C:\K020G1198\Team\GameAward_clone_02\RakiEngine_Library\SpriteManager.h(96,47): warning C4244: '=': 'int' から 'float' への変換です。データが失われる可能性があります。
C:\K020G1198\Team\GameAward_clone_02\RakiEngine_Library\SpriteManager.h(97,49): warning C4244: '=': 'int' から 'float' への変換です。データが失われる可能性があります。
C:\K020G1198\Team\GameAward_clone_02\RakiEngine_Library\SpriteManager.h(98,47): warning C4244: '=': 'int' から 'float' への変換です。データが失われる可能性があります。
C:\K020G1198\Team\GameAward_clone_02\RakiEngine_Library\SpriteManager.h(99,48): warning C4244: '=': 'int' から 'float' への変換です。データが失われる可能性があります。
  TexManager.cpp
  RakiEngine_Library.vcxproj -> C:\K020G1198\Team\GameAward_clone_02\x64\Debug\RakiEngine_Library.lib
