  BaseBlock.cpp
C:\K020G1234\GameAward\Project1\BaseBlock.cpp(2,10): fatal error C1083: include ファイルを開けません。'DxLib.h':No such file or directory
  DrawShape.cpp
C:\K020G1234\GameAward\Project1\DrawShape.h(15,20): error C4430: 型指定子がありません - int と仮定しました。メモ: C++ は int を既定値としてサポートしていません
C:\K020G1234\GameAward\Project1\DrawShape.h(15,20): error C3646: 'rectIndex': 不明なオーバーライド指定子です
C:\K020G1234\GameAward\Project1\DrawShape.h(15,29): error C2143: 構文エラー: ',' が '[' の前にありません。
C:\K020G1234\GameAward\Project1\DrawShape.h(18,20): error C2143: 構文エラー: ')' が ';' の前にありません。
C:\K020G1234\GameAward\Project1\DrawShape.h(18,20): error C2059: 構文エラー: ')'
C:\K020G1234\GameAward\Project1\DrawShape.h(21,80): error C4430: 型指定子がありません - int と仮定しました。メモ: C++ は int を既定値としてサポートしていません
C:\K020G1234\GameAward\Project1\DrawShape.h(21,80): error C2143: 構文エラー: ',' が '&' の前にありません。
C:\K020G1234\GameAward\Project1\DrawShape.h(24,18): error C3646: 'rectVertex': 不明なオーバーライド指定子です
C:\K020G1234\GameAward\Project1\DrawShape.h(24,28): error C2143: 構文エラー: ',' が '[' の前にありません。
C:\K020G1234\GameAward\Project1\DrawShape.h(24,29): error C4430: 型指定子がありません - int と仮定しました。メモ: C++ は int を既定値としてサポートしていません
C:\K020G1234\GameAward\Project1\DrawShape.h(26,2): error C2143: 構文エラー: ')' が ';' の前にありません。
C:\K020G1234\GameAward\Project1\DrawShape.h(26,2): error C2059: 構文エラー: ')'
C:\K020G1234\GameAward\Project1\DrawShape.cpp(3,12): error C4430: 型指定子がありません - int と仮定しました。メモ: C++ は int を既定値としてサポートしていません
C:\K020G1234\GameAward\Project1\DrawShape.cpp(3,23): error C2039: 'rectIndex': 'DrawShape' のメンバーではありません
C:\K020G1234\GameAward\Project1\DrawShape.h(4): message : 'DrawShape' の宣言を確認してください
C:\K020G1234\GameAward\Project1\DrawShape.cpp(3,32): error C2146: 構文エラー: ';' が、識別子 'rectIndex' の前に必要です。
C:\K020G1234\GameAward\Project1\DrawShape.cpp(3,38): error C4430: 型指定子がありません - int と仮定しました。メモ: C++ は int を既定値としてサポートしていません
C:\K020G1234\GameAward\Project1\DrawShape.cpp(4,21): error C2039: 'rectVertex': 'DrawShape' のメンバーではありません
C:\K020G1234\GameAward\Project1\DrawShape.h(4): message : 'DrawShape' の宣言を確認してください
C:\K020G1234\GameAward\Project1\DrawShape.cpp(4,31): error C4430: 型指定子がありません - int と仮定しました。メモ: C++ は int を既定値としてサポートしていません
C:\K020G1234\GameAward\Project1\DrawShape.cpp(4,31): error C2146: 構文エラー: ';' が、識別子 'rectVertex' の前に必要です。
C:\K020G1234\GameAward\Project1\DrawShape.cpp(4,37): error C2143: 構文エラー: ';' が '{' の前にありません。
C:\K020G1234\GameAward\Project1\DrawShape.cpp(4,37): error C2447: '{': 対応する関数ヘッダーがありません (旧形式の仮引数リスト?)
C:\K020G1234\GameAward\Project1\DrawShape.cpp(34,32): error C2065: 'rectVertex': 定義されていない識別子です。
C:\K020G1234\GameAward\Project1\DrawShape.cpp(34,53): error C2065: 'rectVertex': 定義されていない識別子です。
C:\K020G1234\GameAward\Project1\DrawShape.cpp(36,3): error C2065: 'rectVertex': 定義されていない識別子です。
C:\K020G1234\GameAward\Project1\DrawShape.cpp(37,3): error C2065: 'rectVertex': 定義されていない識別子です。
C:\K020G1234\GameAward\Project1\DrawShape.cpp(37,23): error C3861: 'GetColorU8': 識別子が見つかりませんでした
C:\K020G1234\GameAward\Project1\DrawShape.cpp(38,3): error C2065: 'rectVertex': 定義されていない識別子です。
C:\K020G1234\GameAward\Project1\DrawShape.cpp(39,3): error C2065: 'rectVertex': 定義されていない識別子です。
C:\K020G1234\GameAward\Project1\DrawShape.cpp(40,3): error C2065: 'rectVertex': 定義されていない識別子です。
C:\K020G1234\GameAward\Project1\DrawShape.cpp(41,3): error C2065: 'rectVertex': 定義されていない識別子です。
C:\K020G1234\GameAward\Project1\DrawShape.cpp(56,2): error C2065: 'rectVertex': 定義されていない識別子です。
C:\K020G1234\GameAward\Project1\DrawShape.cpp(57,2): error C2065: 'rectVertex': 定義されていない識別子です。
C:\K020G1234\GameAward\Project1\DrawShape.cpp(58,2): error C2065: 'rectVertex': 定義されていない識別子です。
C:\K020G1234\GameAward\Project1\DrawShape.cpp(59,2): error C2065: 'rectVertex': 定義されていない識別子です。
C:\K020G1234\GameAward\Project1\DrawShape.cpp(61,2): error C3861: 'GetColor2': 識別子が見つかりませんでした
C:\K020G1234\GameAward\Project1\DrawShape.cpp(63,32): error C2065: 'rectVertex': 定義されていない識別子です。
C:\K020G1234\GameAward\Project1\DrawShape.cpp(63,53): error C2065: 'rectVertex': 定義されていない識別子です。
C:\K020G1234\GameAward\Project1\DrawShape.cpp(65,3): error C2065: 'rectVertex': 定義されていない識別子です。
C:\K020G1234\GameAward\Project1\DrawShape.cpp(65,23): error C3861: 'GetColorU8': 識別子が見つかりませんでした
C:\K020G1234\GameAward\Project1\DrawShape.cpp(68,2): error C2653: 'DxLib': 識別子がクラス名でも名前空間名でもありません。
C:\K020G1234\GameAward\Project1\DrawShape.cpp(68,30): error C2065: 'rectVertex': 定義されていない識別子です。
C:\K020G1234\GameAward\Project1\DrawShape.cpp(68,59): error C2065: 'DX_NONE_GRAPH': 定義されていない識別子です。
C:\K020G1234\GameAward\Project1\DrawShape.cpp(68,9): error C3861: 'DrawPolygonIndexed3D': 識別子が見つかりませんでした
C:\K020G1234\GameAward\Project1\DrawShape.cpp(71,83): error C4430: 型指定子がありません - int と仮定しました。メモ: C++ は int を既定値としてサポートしていません
C:\K020G1234\GameAward\Project1\DrawShape.cpp(71,83): error C2143: 構文エラー: ',' が '&' の前にありません。
C:\K020G1234\GameAward\Project1\DrawShape.cpp(78,2): error C2065: 'rectVertex': 定義されていない識別子です。
C:\K020G1234\GameAward\Project1\DrawShape.cpp(79,2): error C2065: 'rectVertex': 定義されていない識別子です。
C:\K020G1234\GameAward\Project1\DrawShape.cpp(80,2): error C2065: 'rectVertex': 定義されていない識別子です。
C:\K020G1234\GameAward\Project1\DrawShape.cpp(81,2): error C2065: 'rectVertex': 定義されていない識別子です。
C:\K020G1234\GameAward\Project1\DrawShape.cpp(83,32): error C2065: 'rectVertex': 定義されていない識別子です。
C:\K020G1234\GameAward\Project1\DrawShape.cpp(83,53): error C2065: 'rectVertex': 定義されていない識別子です。
C:\K020G1234\GameAward\Project1\DrawShape.cpp(85,3): error C2065: 'rectVertex': 定義されていない識別子です。
C:\K020G1234\GameAward\Project1\DrawShape.cpp(85,23): error C2065: 'color': 定義されていない識別子です。
C:\K020G1234\GameAward\Project1\DrawShape.cpp(88,2): error C2653: 'DxLib': 識別子がクラス名でも名前空間名でもありません。
C:\K020G1234\GameAward\Project1\DrawShape.cpp(88,30): error C2065: 'rectVertex': 定義されていない識別子です。
C:\K020G1234\GameAward\Project1\DrawShape.cpp(88,59): error C2065: 'DX_NONE_GRAPH': 定義されていない識別子です。
C:\K020G1234\GameAward\Project1\DrawShape.cpp(88,9): error C3861: 'DrawPolygonIndexed3D': 識別子が見つかりませんでした
  Easing.cpp
  Input.cpp
C:\K020G1234\GameAward\Project1\Input.cpp(2,10): fatal error C1083: include ファイルを開けません。'DxLib.h':No such file or directory
  InputManger.cpp
C:\K020G1234\GameAward\Project1\InputManger.cpp(2,10): fatal error C1083: include ファイルを開けません。'DxLib.h':No such file or directory
  ISceneChanger.cpp
  Matrix4.cpp
C:\K020G1234\GameAward\Project1\Matrix4.h(3,10): fatal error C1083: include ファイルを開けません。'DxLib.h':No such file or directory
  Player.cpp
C:\K020G1234\GameAward\Project1\Input.h(4,1): error C2011: 'Input': 'class' 型の再定義
C:\K020G1234\GameAward\RakiEngine_Library\Raki_Input.h(30): message : 'Input' の宣言を確認してください
C:\K020G1234\GameAward\Project1\DrawShape.h(21,80): error C4430: 型指定子がありません - int と仮定しました。メモ: C++ は int を既定値としてサポートしていません
C:\K020G1234\GameAward\Project1\DrawShape.h(21,80): error C2143: 構文エラー: ',' が '&' の前にありません。
C:\K020G1234\GameAward\Project1\DrawShape.h(24,18): error C3646: 'rectVertex': 不明なオーバーライド指定子です
C:\K020G1234\GameAward\Project1\DrawShape.h(24,28): error C2143: 構文エラー: ',' が '[' の前にありません。
C:\K020G1234\GameAward\Project1\DrawShape.h(24,29): error C4430: 型指定子がありません - int と仮定しました。メモ: C++ は int を既定値としてサポートしていません
C:\K020G1234\GameAward\Project1\DrawShape.h(26,2): error C2143: 構文エラー: ')' が ';' の前にありません。
C:\K020G1234\GameAward\Project1\DrawShape.h(26,2): error C2059: 構文エラー: ')'
C:\K020G1234\GameAward\Project1\Colors.h(2,10): fatal error C1083: include ファイルを開けません。'DxLib.h':No such file or directory
  PlayerBody.cpp
C:\K020G1234\GameAward\Project1\DrawShape.h(15,20): error C4430: 型指定子がありません - int と仮定しました。メモ: C++ は int を既定値としてサポートしていません
C:\K020G1234\GameAward\Project1\DrawShape.h(15,20): error C3646: 'rectIndex': 不明なオーバーライド指定子です
C:\K020G1234\GameAward\Project1\DrawShape.h(15,29): error C2143: 構文エラー: ',' が '[' の前にありません。
C:\K020G1234\GameAward\Project1\DrawShape.h(18,20): error C2143: 構文エラー: ')' が ';' の前にありません。
C:\K020G1234\GameAward\Project1\DrawShape.h(18,20): error C2059: 構文エラー: ')'
C:\K020G1234\GameAward\Project1\DrawShape.h(21,80): error C4430: 型指定子がありません - int と仮定しました。メモ: C++ は int を既定値としてサポートしていません
C:\K020G1234\GameAward\Project1\DrawShape.h(21,80): error C2143: 構文エラー: ',' が '&' の前にありません。
C:\K020G1234\GameAward\Project1\DrawShape.h(24,18): error C3646: 'rectVertex': 不明なオーバーライド指定子です
C:\K020G1234\GameAward\Project1\DrawShape.h(24,28): error C2143: 構文エラー: ',' が '[' の前にありません。
C:\K020G1234\GameAward\Project1\DrawShape.h(24,29): error C4430: 型指定子がありません - int と仮定しました。メモ: C++ は int を既定値としてサポートしていません
C:\K020G1234\GameAward\Project1\DrawShape.h(26,2): error C2143: 構文エラー: ')' が ';' の前にありません。
C:\K020G1234\GameAward\Project1\DrawShape.h(26,2): error C2059: 構文エラー: ')'
C:\K020G1234\GameAward\Project1\Colors.h(2,10): fatal error C1083: include ファイルを開けません。'DxLib.h':No such file or directory
  PlayerFoot.cpp
C:\K020G1234\GameAward\Project1\PlayerFoot.cpp(19,15): error C3861: 'LoadGraph': 識別子が見つかりませんでした
C:\K020G1234\GameAward\Project1\PlayerFoot.cpp(36,19): error C3861: 'min': 識別子が見つかりませんでした
C:\K020G1234\GameAward\Project1\PlayerFoot.cpp(55,3): error C3861: 'DrawExtendGraph': 識別子が見つかりませんでした
C:\K020G1234\GameAward\Project1\PlayerFoot.cpp(61,3): error C3861: 'DrawExtendGraph': 識別子が見つかりませんでした
  Quaternion.cpp
C:\K020G1234\GameAward\Project1\Matrix4.h(3,10): fatal error C1083: include ファイルを開けません。'DxLib.h':No such file or directory
  Raki_Camera.cpp
  Stage.cpp
C:\K020G1234\GameAward\Project1\DrawShape.h(15,20): error C4430: 型指定子がありません - int と仮定しました。メモ: C++ は int を既定値としてサポートしていません
C:\K020G1234\GameAward\Project1\DrawShape.h(15,20): error C3646: 'rectIndex': 不明なオーバーライド指定子です
C:\K020G1234\GameAward\Project1\DrawShape.h(15,29): error C2143: 構文エラー: ',' が '[' の前にありません。
C:\K020G1234\GameAward\Project1\DrawShape.h(18,20): error C2143: 構文エラー: ')' が ';' の前にありません。
C:\K020G1234\GameAward\Project1\DrawShape.h(18,20): error C2059: 構文エラー: ')'
C:\K020G1234\GameAward\Project1\DrawShape.h(21,80): error C4430: 型指定子がありません - int と仮定しました。メモ: C++ は int を既定値としてサポートしていません
C:\K020G1234\GameAward\Project1\DrawShape.h(21,80): error C2143: 構文エラー: ',' が '&' の前にありません。
C:\K020G1234\GameAward\Project1\DrawShape.h(24,18): error C3646: 'rectVertex': 不明なオーバーライド指定子です
C:\K020G1234\GameAward\Project1\DrawShape.h(24,28): error C2143: 構文エラー: ',' が '[' の前にありません。
C:\K020G1234\GameAward\Project1\DrawShape.h(24,29): error C4430: 型指定子がありません - int と仮定しました。メモ: C++ は int を既定値としてサポートしていません
C:\K020G1234\GameAward\Project1\DrawShape.h(26,2): error C2143: 構文エラー: ')' が ';' の前にありません。
C:\K020G1234\GameAward\Project1\DrawShape.h(26,2): error C2059: 構文エラー: ')'
C:\K020G1234\GameAward\Project1\Colors.h(2,10): fatal error C1083: include ファイルを開けません。'DxLib.h':No such file or directory
  testParticle.cpp
  Title.cpp
C:\K020G1234\GameAward\RakiEngine_Library\SpriteManager.h(28,2): warning C4091: 'typedef ': 変数が何も宣言されていないときは、'SpriteInstance' の左辺を無視します。
C:\K020G1234\GameAward\RakiEngine_Library\SpriteManager.h(95,47): warning C4244: '=': 'int' から 'float' への変換です。データが失われる可能性があります。
C:\K020G1234\GameAward\RakiEngine_Library\SpriteManager.h(96,49): warning C4244: '=': 'int' から 'float' への変換です。データが失われる可能性があります。
C:\K020G1234\GameAward\RakiEngine_Library\SpriteManager.h(97,47): warning C4244: '=': 'int' から 'float' への変換です。データが失われる可能性があります。
C:\K020G1234\GameAward\RakiEngine_Library\SpriteManager.h(98,48): warning C4244: '=': 'int' から 'float' への変換です。データが失われる可能性があります。
  コードを生成中...
