  DirectXTexUtil.cpp
  BC.cpp
  BC4BC5.cpp
  BC6HBC7.cpp
  BCDirectCompute.cpp
  DirectXTexCompress.cpp
  DirectXTexCompressGPU.cpp
  DirectXTexConvert.cpp
  DirectXTexD3D11.cpp
  DirectXTexD3D12.cpp
  DirectXTexDDS.cpp
  DirectXTexFlipRotate.cpp
  DirectXTexHDR.cpp
  DirectXTexImage.cpp
  DirectXTexMipMaps.cpp
  DirectXTexMisc.cpp
  DirectXTexNormalMaps.cpp
  DirectXTexPMAlpha.cpp
  DirectXTexResize.cpp
  DirectXTexTGA.cpp
  DirectXTexWIC.cpp
  コードを生成中...
<<<<<<< HEAD
  DirectXTex_Desktop_2019_Win10.vcxproj -> C:\K020G1188\Award_2\DirectXTex\Bin\Desktop_2019_Win10\x64\Debug\DirectXTex.lib
=======
  DirectXTex_Desktop_2019_Win10.vcxproj -> C:\K020G1198\Team\GameAward_clone_02\DirectXTex\Bin\Desktop_2019_Win10\x64\Debug\DirectXTex.lib
>>>>>>> e24cf14275644d3e8cc8ca229697939ca691d206
